0	ssaly_1.b.MD45.msdc_v.fits	z=3.02487679184
2	ssaly_1.b.laec2_0327.msdc_v.fits	z=3.07451990497
3	ssaly_1.b.M35.msdc_v.fits	z=2.94203363149
8	ssaly_1.b.laec2_0390.msdc_v.fits	z=2.21575758076
9	ssaly_1.b.M25.msdc_v.fits	z=3.10019080596
10	ssaly_1.b.laec2_1197.msdc_v.fits	z=1.10730133349
11	ssaly_1.b.79495.msdc_v.fits	z=3.0963611198
12	ssaly_1.b.laec1_0477.msdc_v.fits	z=3.06492459242
13	ssaly_1.b.NB48.msdc_v.fits	z=3.09575050003
14	ssaly_1.b.laec3_1300.msdc_v.fits	Unable to fit Gaussian
16	ssaly_1.b.laec3_0688.msdc_v.fits	z=3.1073664924
19	ssaly_1.b.C19.msdc_v.fits	z=2.99195876468
20	ssaly_1.b.laec4_1433.msdc_v.fits	z=3.10273094489
21	ssaly_1.b.laec2_1522.msdc_v.fits	z=3.09101804078
23	ssaly_1.b.M11.msdc_v.fits	z=3.10791906951
24	ssaly_1.b.C14.msdc_v.fits	z=3.22159173596
25	ssaly_1.b.C12.msdc_v.fits	z=3.11009144879
26	ssaly_1.b.laec2_1248.msdc_v.fits	z=3.10855949371
28	ssaly_1.b.M2.msdc_v.fits	z=3.39092740713
29	ssaly_2.b.laec2_0535.msdc_v.fits	z=3.07133594325
30	ssaly_2.b.C3.msdc_v.fits	z=3.10407580487
31	ssaly_2.b.laec2_0734.msdc_v.fits	z=3.05257453208
32	ssaly_2.b.M5.msdc_v.fits	z=3.32830974164
33	ssaly_2.b.M8.msdc_v.fits	z=3.06534147573
34	ssaly_2.b.NB346.msdc_v.fits	z=3.07234326872
35	ssaly_2.b.C9.msdc_v.fits	z=3.07251655961
36	ssaly_2.b.laec2_1248.msdc_v.fits	z=3.10977403405
37	ssaly_2.b.D5.msdc_v.fits	z=2.70002378327
40	ssaly_2.b.laec2_1309.msdc_v.fits	z=3.10701886592
41	ssaly_2.b.laec3_0751.msdc_v.fits	z=3.09877105234
42	ssaly_2.b.M16.msdc_v.fits	z=3.02889701384
43	ssaly_2.b.laec3_0809.msdc_v.fits	z=3.10518946555
44	ssaly_2.b.laec1_0477.msdc_v.fits	z=3.06818660775
45	ssaly_2.b.M20.msdc_v.fits	z=3.11064948765
47	ssaly_2.b.laec2_1155.msdc_v.fits	z=3.10244247972
49	ssaly_2.b.laec1_0990.msdc_v.fits	z=3.10157695668
50	ssaly_2.b.D13.msdc_v.fits	z=3.36706414474
51	ssaly_2.b.NB2082.msdc_v.fits	z=3.08551526679
52	ssaly_2.b.laec3_1251b.msdc_v.fits	z=3.08813992875
53	ssaly_2.b.NB63.msdc_v.fits	z=3.10594008666
54	ssaly_2.b.M31.msdc_v.fits	z=3.10016799241
55	ssaly_2.b.laec2_0953.msdc_v.fits	z=3.08492012026
57	ssaly_3.b.NB407.msdc_v.fits	z=3.09299541595
58	ssaly_3.b.NB183.msdc_v.fits	z=3.08730680679
60	ssaly_3.b.laec1_0282.msdc_v.fits	z=3.0680447401
61	ssaly_3.b.M6.msdc_v.fits	z=3.18289401088
62	ssaly_3.b.C8.msdc_v.fits	z=2.46007183713
63	ssaly_3.b.M10.msdc_v.fits	z=3.10350220087
64	ssaly_3.b.laec4_0553.msdc_v.fits	z=3.07200506337
66	ssaly_3.b.NB928.msdc_v.fits	z=3.10881749797
67	ssaly_3.b.C24.msdc_v.fits	z=3.10554454377
68	ssaly_3.b.M13.msdc_v.fits	z=3.10775613171
69	ssaly_3.b.laec1_1001.msdc_v.fits	z=3.108669874
70	ssaly_3.b.laec3_0660.msdc_v.fits	z=3.06693561643
71	ssaly_3.b.laec3_1286.msdc_v.fits	Unable to fit Gaussian
72	ssaly_3.b.laec4_1184.msdc_v.fits	z=3.10457519732
73	ssaly_3.b.NB1230.msdc_v.fits	z=3.07754240941
74	ssaly_3.b.laec2_1127.msdc_v.fits	z=3.09945051379
76	ssaly_3.b.NB1791.msdc_v.fits	z=3.10047348515
79	ssaly_3.b.laec4_1067.msdc_v.fits	z=3.09365086252
80	ssaly_3.b.laec4_1110.msdc_v.fits	z=3.09369140828
81	ssaly_3.b.NB2398.msdc_v.fits	z=3.09363304351
82	ssaly_3.b.laec3_1412.msdc_v.fits	z=3.08936967697
84	ssaly_3.b.82863.msdc_v.fits	z=3.0842239454
85	ssaly_4.b.laec1_0224.msdc_v.fits	z=3.09037468042
87	ssaly_4.b.laec3_0494.msdc_v.fits	z=3.09898914071
88	ssaly_4.b.laec2_0040.msdc_v.fits	z=3.07298021858
89	ssaly_4.b.laec1_0494.msdc_v.fits	z=3.09850250031
90	ssaly_4.b.laec1_0262.msdc_v.fits	Unable to fit Gaussian
93	ssaly_4.b.laec4_0398.msdc_v.fits	z=3.09621871668
94	ssaly_4.b.laec2_0390.msdc_v.fits	z=3.09946959056
95	ssaly_4.b.laec3_0114.msdc_v.fits	z=3.10339135807
96	ssaly_4.b.laec2_0215.msdc_v.fits	z=3.06817545596
98	ssaly_4.b.laec3_0030.msdc_v.fits	z=3.09645060866
100	ssaly_4.b.laec4_0494.msdc_v.fits	z=3.07020442322
102	ssaly_4.b.M11.msdc_v.fits	z=3.10976823447
103	ssaly_4.b.C11.msdc_v.fits	z=3.1015430263
104	ssaly_4.b.laec1_0272.msdc_v.fits	z=3.07262918353
105	ssaly_4.b.laec3_0754.msdc_v.fits	z=3.06654627603
106	ssaly_4.b.laec1_0314.msdc_v.fits	z=3.08520454727
107	ssaly_4.b.laec1_0278.msdc_v.fits	z=3.096703053
108	ssaly_4.b.laec2_0077.msdc_v.fits	z=3.07492335107
109	ssaly_4.b.laec4_0315.msdc_v.fits	z=3.11113344441
112	ssaly_6.b.laec1_0506.msdc_v.fits	z=2.63594499549
115	ssaly_6.b.laec4_0946.msdc_v.fits	z=3.09765018184
117	ssaly_6.b.NB1968.msdc_v.fits	z=3.09748755784
118	ssaly_6.b.laec4_1058.msdc_v.fits	z=3.09713476905
121	ssaly_6.b.72723.msdc_v.fits	z=3.10551131314
122	ssaly_6.b.70412.msdc_v.fits	z=3.10350587494
124	ssaly_6.b.laec4_1444.msdc_v.fits	z=3.10125890786
126	ssaly_6.b.laec2_1350.msdc_v.fits	z=3.10389202973
128	ssaly_6.b.D5.msdc_v.fits	z=2.69926589315
129	ssaly_6.b.laec3_1251a.msdc_v.fits	z=3.10507059831
131	ssaly_6.b.laec4_1507.msdc_v.fits	z=3.09916483777
132	ssaly_6.b.D3-ap2.msdc_v.fits	z=3.07616852018
133	ssaly_6.b.56000.msdc_v.fits	z=3.09741598709
134	ssaly_6.b.M3.msdc_v.fits	z=2.87808878749
138	ssaly_7.b.laec3_0494.msdc_v.fits	z=3.10139585123
139	ssaly_7.b.laec1_0506.msdc_v.fits	z=3.09961424973
141	ssaly_7.b.laec3_0201.msdc_v.fits	z=3.06630636931
142	ssaly_7.b.laec2_0678.msdc_v.fits	z=3.09569095915
144	ssaly_7.b.laec2_0358.msdc_v.fits	z=3.05800024589
145	ssaly_7.b.laec4_0612.msdc_v.fits	z=3.09928502382
152	ssaly_7.b.laec1_1001.msdc_v.fits	z=3.10610551737
157	ssaly_7.b.laec3_1321a.msdc_v.fits	z=3.12107255398
158	ssaly_7.b.laec3_1407.msdc_v.fits	Unable to fit Gaussian
159	ssaly_7.b.laec3_1195.msdc_v.fits	z=3.10316579595
162	ssaly_8.b.laec1_0181.msdc_v.fits	z=3.09779000286
163	ssaly_8.b.laec4_0435.msdc_v.fits	z=3.08318298825
164	ssaly_8.b.laec2_0040.msdc_v.fits	z=3.07334368704
167	ssaly_8.b.laec1_0397.msdc_v.fits	z=3.08975056526
168	ssaly_8.b.NB2055.msdc_v.fits	z=3.09644826268
169	ssaly_8.b.laec3_0120.msdc_v.fits	Unable to fit Gaussian
170	ssaly_8.b.aug96C19.msdc_v.fits	z=2.46578166343
171	ssaly_8.b.NB1635.msdc_v.fits	z=3.0709212259
173	ssaly_8.b.laec3_0225.msdc_v.fits	z=3.07572653497
174	ssaly_8.b.M16.msdc_v.fits	z=3.02471556108
176	ssaly_8.b.oct96C10.msdc_v.fits	z=2.80947326466
177	ssaly_8.b.laec3_1374.msdc_v.fits	z=3.09528217892
178	ssaly_8.b.laec1_1001.msdc_v.fits	z=3.10615654946
179	ssaly_8.b.laec3_1323.msdc_v.fits	z=3.10339369399
180	ssaly_8.b.C12.msdc_v.fits	z=3.1133005426
181	ssaly_8.b.laec2_0269.msdc_v.fits	z=3.07292694402
182	ssaly_8.b.laec4_0721.msdc_v.fits	z=3.09597947933
183	ssaly_8.b.M8.msdc_v.fits	z=3.06877259102
184	ssaly_8.b.laec1_0443.msdc_v.fits	z=3.09645812983
185	ssaly_8.b.laec4_1353.msdc_v.fits	z=3.10772801635
186	ssaly_8.b.M2.msdc_v.fits	z=3.38521577355
187	ssa22_nb1.b.NB183.msdc_v.fits	z=3.1036436776
189	ssa22_nb1.b.NB498.msdc_v.fits	z=2.84345064851
190	ssa22_nb1.b.NB624.msdc_v.fits	z=3.09660814617
191	ssa22_nb1.b.NB757.msdc_v.fits	z=3.05966441238
192	ssa22_nb1.b.NB928.msdc_v.fits	z=2.30627050895
194	ssa22_nb1.b.NB1379.msdc_v.fits	z=3.08465778198
195	ssa22_nb1.b.M20.msdc_v.fits	z=3.11153868841
196	ssa22_nb1.b.NB1708.msdc_v.fits	z=3.07869781647
198	ssa22_nb1.b.NB1907.msdc_v.fits	z=3.09710153184
199	ssa22_nb1.b.NB48.msdc_v.fits	z=2.92172814229
200	ssa22_nb1.b.NB2082.msdc_v.fits	z=2.32219432914
201	ssa22_nb1.b.NB2247.msdc_v.fits	Unable to fit Gaussian
202	ssa22_nb1.b.NB2360.msdc_v.fits	z=3.07667770908
203	ssa22_nb1.b.NB2423.msdc_v.fits	z=3.08918801872
204	ssa22_nb1.b.NB2547.msdc_v.fits	z=3.09393406387
205	ssa22_nb1.b.NB2676.msdc_v.fits	z=2.73503079692
206	ssa22_nb1.b.NB2824.msdc_v.fits	z=3.19470028895
207	ssa22_nb2.b.NB349.msdc_v.fits	z=3.07059830938
208	ssa22_nb2.b.NB709.msdc_v.fits	z=3.08734649301
210	ssa22_nb2.b.NB474.msdc_v.fits	z=3.07199766726
212	ssa22_nb2.b.NB942.msdc_v.fits	z=3.10185363652
214	ssa22_nb2.b.NB1499.msdc_v.fits	z=3.0681266328
215	ssa22_nb2.b.NB32.msdc_v.fits	Unable to fit Gaussian
216	ssa22_nb2.b.NB1230.msdc_v.fits	z=3.08062450932
217	ssa22_nb2.b.C19.msdc_v.fits	z=2.99271361214
218	ssa22_nb2.b.NB1896.msdc_v.fits	z=3.08256981801
219	ssa22_nb2.b.NB33.msdc_v.fits	z=3.09746328622
220	ssa22_nb2.b.NB1791.msdc_v.fits	z=3.10026203253
222	ssa22_nb2.b.NB63.msdc_v.fits	z=3.11210434912
223	ssa22_nb2.b.NB2073.msdc_v.fits	z=2.88031494303
226	ssa22_nb2.b.NB55.msdc_v.fits	z=3.08199533089
227	ssa22_nb2.b.NB2467.msdc_v.fits	z=3.09379081723
228	ssa_dlyc.b.MD46.msdc_v.fits	Unable to fit Gaussian
229	ssa_dlyc.b.laec3_0494.msdc_v.fits	z=3.09897369286
230	ssa_dlyc.b.laec1_0494.msdc_v.fits	z=3.10254514281
